<?xml version="1.0" encoding="UTF-8"?>
<!-- Generated by org.testng.reporters.JUnitReportReporter -->
<testsuite hostname="KaNz" failures="0" tests="6" name="tests.FlipkartSearchTest" time="48.944" errors="0" timestamp="2025-07-03T13:02:43 IST" skipped="0">
  <testcase classname="tests.FlipkartSearchTest" name="searchAndVerifyMobiles" time="10.715"/>
  <testcase classname="tests.FlipkartSearchTest" name="sampleAssertionCheck" time="4.883"/>
  <testcase classname="tests.FlipkartSearchTest" name="searchProductTest" time="8.423"/>
  <testcase classname="tests.FlipkartSearchTest" name="searchProductTest" time="8.179"/>
  <testcase classname="tests.FlipkartSearchTest" name="searchProductTest" time="9.023"/>
  <testcase classname="tests.FlipkartSearchTest" name="searchProductTest" time="7.721"/>
</testsuite> <!-- tests.FlipkartSearchTest -->
