<?xml version="1.0" encoding="UTF-8"?>
<!-- Generated by org.testng.reporters.JUnitReportReporter -->
<testsuite hostname="KaNz" failures="0" tests="3" name="tests.FlipkartDataProviderTest" time="29.660" errors="0" timestamp="2025-07-03T12:13:25 IST" skipped="0">
  <testcase classname="tests.FlipkartDataProviderTest" name="searchMobileTest" time="10.824"/>
  <testcase classname="tests.FlipkartDataProviderTest" name="searchMobileTest" time="9.916"/>
  <testcase classname="tests.FlipkartDataProviderTest" name="searchMobileTest" time="8.920"/>
</testsuite> <!-- tests.FlipkartDataProviderTest -->
